{"level":"info","message":"JP Desktop HIT Server:","timestamp":"2025-07-17T11:51:09.027Z"}
{"level":"info","message":"Loaded last successful endpoint index: 4 (undefined)","timestamp":"2025-07-17T11:51:09.030Z"}
{"level":"info","message":"JP Desktop HIT Server:","timestamp":"2025-07-17T11:51:09.384Z"}
{"level":"info","message":"Loaded last successful endpoint index: 4 (undefined)","timestamp":"2025-07-17T11:51:09.387Z"}
{"level":"info","message":"JP Desktop HIT Server:","timestamp":"2025-07-17T11:51:09.692Z"}
{"level":"info","message":"Loaded last successful endpoint index: 4 (undefined)","timestamp":"2025-07-17T11:51:09.695Z"}
{"level":"info","message":"JP Desktop HIT Server:","timestamp":"2025-07-17T11:51:10.010Z"}
{"level":"info","message":"Loaded last successful endpoint index: 4 (undefined)","timestamp":"2025-07-17T11:51:10.014Z"}
{"level":"info","message":"JP Desktop HIT Server:","timestamp":"2025-07-17T11:51:10.338Z"}
{"level":"info","message":"Loaded last successful endpoint index: 4 (undefined)","timestamp":"2025-07-17T11:51:10.341Z"}
{"level":"info","message":"JP Desktop HIT Server:","timestamp":"2025-07-17T11:51:10.667Z"}
{"level":"info","message":"Loaded last successful endpoint index: 4 (undefined)","timestamp":"2025-07-17T11:51:10.670Z"}
{"level":"info","message":"JP Desktop HIT Server:","timestamp":"2025-07-17T11:51:10.990Z"}
{"level":"info","message":"Loaded last successful endpoint index: 4 (undefined)","timestamp":"2025-07-17T11:51:10.993Z"}
{"level":"info","message":"JP Desktop HIT Server:","timestamp":"2025-07-17T11:51:11.304Z"}
{"level":"info","message":"Loaded last successful endpoint index: 4 (undefined)","timestamp":"2025-07-17T11:51:11.307Z"}
{"level":"info","message":"JP Desktop HIT Server:","timestamp":"2025-07-17T11:51:11.615Z"}
{"level":"info","message":"Loaded last successful endpoint index: 4 (undefined)","timestamp":"2025-07-17T11:51:11.618Z"}
{"level":"info","message":"JP Desktop HIT Server:","timestamp":"2025-07-17T11:51:11.924Z"}
{"level":"info","message":"Loaded last successful endpoint index: 4 (undefined)","timestamp":"2025-07-17T11:51:11.926Z"}
{"level":"info","message":"JP Desktop HIT Server:","timestamp":"2025-07-17T11:51:12.233Z"}
{"level":"info","message":"Loaded last successful endpoint index: 4 (undefined)","timestamp":"2025-07-17T11:51:12.236Z"}
{"level":"info","message":"JP Desktop HIT Server:","timestamp":"2025-07-17T11:51:12.543Z"}
{"level":"info","message":"Loaded last successful endpoint index: 4 (undefined)","timestamp":"2025-07-17T11:51:12.546Z"}
{"level":"info","message":"JP Desktop HIT Server:","timestamp":"2025-07-17T11:51:12.846Z"}
{"level":"info","message":"Loaded last successful endpoint index: 4 (undefined)","timestamp":"2025-07-17T11:51:12.849Z"}
{"level":"info","message":"JP Desktop HIT Server:","timestamp":"2025-07-17T11:51:13.165Z"}
{"level":"info","message":"Loaded last successful endpoint index: 4 (undefined)","timestamp":"2025-07-17T11:51:13.168Z"}
{"level":"info","message":"JP Desktop HIT Server:","timestamp":"2025-07-17T11:51:13.614Z"}
{"level":"info","message":"Loaded last successful endpoint index: 4 (undefined)","timestamp":"2025-07-17T11:51:13.617Z"}
{"level":"info","message":"JP Desktop HIT Server:","timestamp":"2025-07-17T11:51:13.957Z"}
{"level":"info","message":"Loaded last successful endpoint index: 4 (undefined)","timestamp":"2025-07-17T11:51:13.960Z"}
{"level":"info","message":"JP Desktop HIT Server:","timestamp":"2025-07-17T11:52:12.494Z"}
{"level":"info","message":"Loaded last successful endpoint index: 4 (undefined)","timestamp":"2025-07-17T11:52:12.498Z"}
{"level":"info","message":"JP Desktop HIT Server:","timestamp":"2025-07-17T11:52:35.236Z"}
{"level":"info","message":"Loaded last successful endpoint index: 0 (ws://192.168.100.202/Interfaces/Media/JackpotsGateway?COMPUTERNAME=gr011)","timestamp":"2025-07-17T11:52:35.239Z"}
{"level":"info","message":"Attempting connection to ws://192.168.100.202/Interfaces/Media/JackpotsGateway?COMPUTERNAME=gr011","timestamp":"2025-07-17T11:52:35.243Z"}
{"level":"info","message":"Server running on port: 8000","timestamp":"2025-07-17T11:52:35.246Z"}
{"level":"info","message":"CONNECTED SERVER => ws://192.168.100.202/Interfaces/Media/JackpotsGateway?COMPUTERNAME=gr011","timestamp":"2025-07-17T11:52:35.349Z"}
{"level":"info","message":"Saved current endpoint index: 0","timestamp":"2025-07-17T11:52:35.350Z"}
{"level":"info","message":"Processing InformationBroadcast...","timestamp":"2025-07-17T11:52:38.275Z"}
{"level":"info","message":"Bypassing duplicate check for jackpotId 4","timestamp":"2025-07-17T11:52:38.380Z"}
{"level":"info","message":"Bypassing duplicate check for jackpotId 45","timestamp":"2025-07-17T11:52:38.380Z"}
{"level":"info","message":"Bypassing duplicate check for jackpotId 43","timestamp":"2025-07-17T11:52:38.380Z"}
{"level":"info","message":"Bypassing duplicate check for jackpotId 41","timestamp":"2025-07-17T11:52:38.380Z"}
{"level":"info","message":"Bypassing duplicate check for jackpotId 40","timestamp":"2025-07-17T11:52:38.380Z"}
{"level":"info","message":"Bypassing duplicate check for jackpotId 46","timestamp":"2025-07-17T11:52:38.380Z"}
{"level":"info","message":"? Saved 12 jackpot updates","timestamp":"2025-07-17T11:52:38.710Z"}
{"level":"info","message":"JP Desktop HIT Server:","timestamp":"2025-07-17T11:53:05.060Z"}
{"level":"info","message":"Loaded last successful endpoint index: 0 (ws://192.168.100.202/Interfaces/Media/JackpotsGateway?COMPUTERNAME=gr011)","timestamp":"2025-07-17T11:53:05.063Z"}
{"level":"info","message":"Attempting connection to ws://192.168.100.202/Interfaces/Media/JackpotsGateway?COMPUTERNAME=gr011","timestamp":"2025-07-17T11:53:05.066Z"}
{"level":"info","message":"Server running on port: 8000","timestamp":"2025-07-17T11:53:05.068Z"}
{"level":"info","message":"CONNECTED SERVER => ws://192.168.100.202/Interfaces/Media/JackpotsGateway?COMPUTERNAME=gr011","timestamp":"2025-07-17T11:53:05.137Z"}
{"level":"info","message":"Saved current endpoint index: 0","timestamp":"2025-07-17T11:53:05.138Z"}
{"level":"info","message":"Processing InformationBroadcast...","timestamp":"2025-07-17T11:53:08.325Z"}
{"level":"info","message":"Duplicate jackpot update found: ID=0, Name=Frequent, Value=357.54998668","timestamp":"2025-07-17T11:53:08.915Z"}
{"level":"info","message":"Duplicate jackpot update found: ID=1, Name=Daily, Value=5331.52058099","timestamp":"2025-07-17T11:53:08.916Z"}
{"level":"info","message":"Duplicate jackpot update found: ID=2, Name=Dozen, Value=23653.0837711","timestamp":"2025-07-17T11:53:08.916Z"}
{"level":"info","message":"Duplicate jackpot update found: ID=3, Name=Weekly, Value=53023.60660952","timestamp":"2025-07-17T11:53:08.916Z"}
{"level":"info","message":"Bypassing duplicate check for jackpotId 4","timestamp":"2025-07-17T11:53:08.916Z"}
{"level":"info","message":"Bypassing duplicate check for jackpotId 45","timestamp":"2025-07-17T11:53:08.916Z"}
{"level":"info","message":"Duplicate jackpot update found: ID=34, Name=Daily Golden, Value=10764.54717085","timestamp":"2025-07-17T11:53:08.916Z"}
{"level":"info","message":"Duplicate jackpot update found: ID=35, Name=Triple, Value=31477.86453045","timestamp":"2025-07-17T11:53:08.916Z"}
{"level":"info","message":"Bypassing duplicate check for jackpotId 43","timestamp":"2025-07-17T11:53:08.916Z"}
{"level":"info","message":"Bypassing duplicate check for jackpotId 41","timestamp":"2025-07-17T11:53:08.916Z"}
{"level":"info","message":"Bypassing duplicate check for jackpotId 40","timestamp":"2025-07-17T11:53:08.916Z"}
{"level":"info","message":"Bypassing duplicate check for jackpotId 46","timestamp":"2025-07-17T11:53:08.917Z"}
{"level":"info","message":"? Saved 12 jackpot updates","timestamp":"2025-07-17T11:53:09.143Z"}
{"level":"info","message":"Processing InformationBroadcast...","timestamp":"2025-07-17T11:53:38.244Z"}
{"level":"info","message":"Bypassing duplicate check for jackpotId 4","timestamp":"2025-07-17T11:53:38.393Z"}
{"level":"info","message":"Bypassing duplicate check for jackpotId 45","timestamp":"2025-07-17T11:53:38.393Z"}
{"level":"info","message":"Bypassing duplicate check for jackpotId 43","timestamp":"2025-07-17T11:53:38.393Z"}
{"level":"info","message":"Bypassing duplicate check for jackpotId 41","timestamp":"2025-07-17T11:53:38.393Z"}
{"level":"info","message":"Bypassing duplicate check for jackpotId 40","timestamp":"2025-07-17T11:53:38.393Z"}
{"level":"info","message":"Bypassing duplicate check for jackpotId 46","timestamp":"2025-07-17T11:53:38.393Z"}
{"level":"info","message":"? Saved 12 jackpot updates","timestamp":"2025-07-17T11:53:38.595Z"}
{"level":"info","message":"Processing InformationBroadcast...","timestamp":"2025-07-17T11:54:08.317Z"}
{"level":"info","message":"Bypassing duplicate check for jackpotId 4","timestamp":"2025-07-17T11:54:08.512Z"}
{"level":"info","message":"Bypassing duplicate check for jackpotId 45","timestamp":"2025-07-17T11:54:08.512Z"}
{"level":"info","message":"Bypassing duplicate check for jackpotId 43","timestamp":"2025-07-17T11:54:08.512Z"}
{"level":"info","message":"Bypassing duplicate check for jackpotId 41","timestamp":"2025-07-17T11:54:08.512Z"}
{"level":"info","message":"Bypassing duplicate check for jackpotId 40","timestamp":"2025-07-17T11:54:08.512Z"}
{"level":"info","message":"Bypassing duplicate check for jackpotId 46","timestamp":"2025-07-17T11:54:08.513Z"}
{"level":"info","message":"? Saved 12 jackpot updates","timestamp":"2025-07-17T11:54:08.736Z"}
{"level":"info","message":"Processing InformationBroadcast...","timestamp":"2025-07-17T11:54:38.324Z"}
{"level":"info","message":"Bypassing duplicate check for jackpotId 4","timestamp":"2025-07-17T11:54:38.381Z"}
{"level":"info","message":"Bypassing duplicate check for jackpotId 45","timestamp":"2025-07-17T11:54:38.381Z"}
{"level":"info","message":"Bypassing duplicate check for jackpotId 43","timestamp":"2025-07-17T11:54:38.381Z"}
{"level":"info","message":"Bypassing duplicate check for jackpotId 41","timestamp":"2025-07-17T11:54:38.382Z"}
{"level":"info","message":"Bypassing duplicate check for jackpotId 40","timestamp":"2025-07-17T11:54:38.382Z"}
{"level":"info","message":"Bypassing duplicate check for jackpotId 46","timestamp":"2025-07-17T11:54:38.382Z"}
{"level":"info","message":"? Saved 12 jackpot updates","timestamp":"2025-07-17T11:54:38.602Z"}
{"level":"info","message":"Processing InformationBroadcast...","timestamp":"2025-07-17T11:55:08.397Z"}
{"level":"info","message":"Bypassing duplicate check for jackpotId 4","timestamp":"2025-07-17T11:55:08.455Z"}
{"level":"info","message":"Bypassing duplicate check for jackpotId 45","timestamp":"2025-07-17T11:55:08.455Z"}
{"level":"info","message":"Bypassing duplicate check for jackpotId 43","timestamp":"2025-07-17T11:55:08.455Z"}
{"level":"info","message":"Bypassing duplicate check for jackpotId 41","timestamp":"2025-07-17T11:55:08.455Z"}
{"level":"info","message":"Bypassing duplicate check for jackpotId 40","timestamp":"2025-07-17T11:55:08.455Z"}
{"level":"info","message":"Bypassing duplicate check for jackpotId 46","timestamp":"2025-07-17T11:55:08.455Z"}
{"level":"info","message":"? Saved 12 jackpot updates","timestamp":"2025-07-17T11:55:08.702Z"}
{"level":"info","message":"Processing InformationBroadcast...","timestamp":"2025-07-17T11:55:38.341Z"}
{"level":"info","message":"Bypassing duplicate check for jackpotId 4","timestamp":"2025-07-17T11:55:38.405Z"}
{"level":"info","message":"Bypassing duplicate check for jackpotId 45","timestamp":"2025-07-17T11:55:38.406Z"}
{"level":"info","message":"Bypassing duplicate check for jackpotId 43","timestamp":"2025-07-17T11:55:38.406Z"}
{"level":"info","message":"Bypassing duplicate check for jackpotId 41","timestamp":"2025-07-17T11:55:38.406Z"}
{"level":"info","message":"Bypassing duplicate check for jackpotId 40","timestamp":"2025-07-17T11:55:38.406Z"}
{"level":"info","message":"Bypassing duplicate check for jackpotId 46","timestamp":"2025-07-17T11:55:38.406Z"}
{"level":"info","message":"? Saved 12 jackpot updates","timestamp":"2025-07-17T11:55:38.768Z"}
{"level":"info","message":"Processing InformationBroadcast...","timestamp":"2025-07-17T11:56:08.398Z"}
{"level":"info","message":"Bypassing duplicate check for jackpotId 4","timestamp":"2025-07-17T11:56:08.461Z"}
{"level":"info","message":"Bypassing duplicate check for jackpotId 45","timestamp":"2025-07-17T11:56:08.461Z"}
{"level":"info","message":"Bypassing duplicate check for jackpotId 43","timestamp":"2025-07-17T11:56:08.461Z"}
{"level":"info","message":"Bypassing duplicate check for jackpotId 41","timestamp":"2025-07-17T11:56:08.461Z"}
{"level":"info","message":"Bypassing duplicate check for jackpotId 40","timestamp":"2025-07-17T11:56:08.461Z"}
{"level":"info","message":"Bypassing duplicate check for jackpotId 46","timestamp":"2025-07-17T11:56:08.461Z"}
{"level":"info","message":"? Saved 12 jackpot updates","timestamp":"2025-07-17T11:56:08.741Z"}
{"level":"info","message":"Processing InformationBroadcast...","timestamp":"2025-07-17T11:56:38.377Z"}
{"level":"info","message":"Bypassing duplicate check for jackpotId 4","timestamp":"2025-07-17T11:56:38.461Z"}
{"level":"info","message":"Bypassing duplicate check for jackpotId 45","timestamp":"2025-07-17T11:56:38.462Z"}
{"level":"info","message":"Bypassing duplicate check for jackpotId 43","timestamp":"2025-07-17T11:56:38.462Z"}
{"level":"info","message":"Bypassing duplicate check for jackpotId 41","timestamp":"2025-07-17T11:56:38.462Z"}
{"level":"info","message":"Bypassing duplicate check for jackpotId 40","timestamp":"2025-07-17T11:56:38.462Z"}
{"level":"info","message":"Bypassing duplicate check for jackpotId 46","timestamp":"2025-07-17T11:56:38.462Z"}
{"level":"info","message":"? Saved 12 jackpot updates","timestamp":"2025-07-17T11:56:38.723Z"}
{"level":"info","message":"JP Desktop HIT Server:","timestamp":"2025-07-18T04:22:51.329Z"}
{"level":"info","message":"Loaded last successful endpoint index: 0 (ws://192.168.100.202/Interfaces/Media/JackpotsGateway?COMPUTERNAME=gr011)","timestamp":"2025-07-18T04:22:51.333Z"}
{"level":"info","message":"Attempting connection to ws://192.168.100.202/Interfaces/Media/JackpotsGateway?COMPUTERNAME=gr011","timestamp":"2025-07-18T04:22:51.336Z"}
{"level":"info","message":"Server running on port: 8000","timestamp":"2025-07-18T04:22:51.339Z"}
{"level":"info","message":"CONNECTED SERVER => ws://192.168.100.202/Interfaces/Media/JackpotsGateway?COMPUTERNAME=gr011","timestamp":"2025-07-18T04:22:51.363Z"}
{"level":"info","message":"Saved current endpoint index: 0","timestamp":"2025-07-18T04:22:51.364Z"}
{"level":"info","message":"Processing InformationBroadcast...","timestamp":"2025-07-18T04:23:01.409Z"}
{"level":"info","message":"Bypassing duplicate check for jackpotId 4","timestamp":"2025-07-18T04:23:01.468Z"}
{"level":"info","message":"Bypassing duplicate check for jackpotId 45","timestamp":"2025-07-18T04:23:01.468Z"}
{"level":"info","message":"Bypassing duplicate check for jackpotId 43","timestamp":"2025-07-18T04:23:01.468Z"}
{"level":"info","message":"Bypassing duplicate check for jackpotId 41","timestamp":"2025-07-18T04:23:01.468Z"}
{"level":"info","message":"Bypassing duplicate check for jackpotId 40","timestamp":"2025-07-18T04:23:01.468Z"}
{"level":"info","message":"Bypassing duplicate check for jackpotId 46","timestamp":"2025-07-18T04:23:01.469Z"}
{"level":"info","message":"? Saved 12 jackpot updates","timestamp":"2025-07-18T04:23:01.632Z"}
{"level":"info","message":"Processing InformationBroadcast...","timestamp":"2025-07-18T04:23:31.419Z"}
{"level":"info","message":"Bypassing duplicate check for jackpotId 4","timestamp":"2025-07-18T04:23:31.468Z"}
{"level":"info","message":"Bypassing duplicate check for jackpotId 45","timestamp":"2025-07-18T04:23:31.468Z"}
{"level":"info","message":"Bypassing duplicate check for jackpotId 43","timestamp":"2025-07-18T04:23:31.469Z"}
{"level":"info","message":"Bypassing duplicate check for jackpotId 41","timestamp":"2025-07-18T04:23:31.469Z"}
{"level":"info","message":"Bypassing duplicate check for jackpotId 40","timestamp":"2025-07-18T04:23:31.469Z"}
{"level":"info","message":"Bypassing duplicate check for jackpotId 46","timestamp":"2025-07-18T04:23:31.469Z"}
{"level":"info","message":"? Saved 12 jackpot updates","timestamp":"2025-07-18T04:23:31.652Z"}
{"level":"info","message":"Processing InformationBroadcast...","timestamp":"2025-07-18T04:24:01.402Z"}
{"level":"info","message":"Bypassing duplicate check for jackpotId 4","timestamp":"2025-07-18T04:24:01.455Z"}
{"level":"info","message":"Bypassing duplicate check for jackpotId 45","timestamp":"2025-07-18T04:24:01.455Z"}
{"level":"info","message":"Bypassing duplicate check for jackpotId 43","timestamp":"2025-07-18T04:24:01.455Z"}
{"level":"info","message":"Bypassing duplicate check for jackpotId 41","timestamp":"2025-07-18T04:24:01.455Z"}
{"level":"info","message":"Bypassing duplicate check for jackpotId 40","timestamp":"2025-07-18T04:24:01.455Z"}
{"level":"info","message":"Bypassing duplicate check for jackpotId 46","timestamp":"2025-07-18T04:24:01.455Z"}
{"level":"info","message":"? Saved 12 jackpot updates","timestamp":"2025-07-18T04:24:01.622Z"}
{"level":"info","message":"Processing InformationBroadcast...","timestamp":"2025-07-18T04:24:31.440Z"}
{"level":"info","message":"Bypassing duplicate check for jackpotId 4","timestamp":"2025-07-18T04:24:31.493Z"}
{"level":"info","message":"Bypassing duplicate check for jackpotId 45","timestamp":"2025-07-18T04:24:31.494Z"}
{"level":"info","message":"Bypassing duplicate check for jackpotId 43","timestamp":"2025-07-18T04:24:31.494Z"}
{"level":"info","message":"Bypassing duplicate check for jackpotId 41","timestamp":"2025-07-18T04:24:31.494Z"}
{"level":"info","message":"Bypassing duplicate check for jackpotId 40","timestamp":"2025-07-18T04:24:31.494Z"}
{"level":"info","message":"Bypassing duplicate check for jackpotId 46","timestamp":"2025-07-18T04:24:31.494Z"}
{"level":"info","message":"? Saved 12 jackpot updates","timestamp":"2025-07-18T04:24:31.679Z"}
{"level":"info","message":"Processing InformationBroadcast...","timestamp":"2025-07-18T04:25:01.459Z"}
{"level":"info","message":"Bypassing duplicate check for jackpotId 4","timestamp":"2025-07-18T04:25:01.518Z"}
{"level":"info","message":"Bypassing duplicate check for jackpotId 45","timestamp":"2025-07-18T04:25:01.518Z"}
{"level":"info","message":"Bypassing duplicate check for jackpotId 43","timestamp":"2025-07-18T04:25:01.518Z"}
{"level":"info","message":"Bypassing duplicate check for jackpotId 41","timestamp":"2025-07-18T04:25:01.518Z"}
{"level":"info","message":"Bypassing duplicate check for jackpotId 40","timestamp":"2025-07-18T04:25:01.518Z"}
{"level":"info","message":"Bypassing duplicate check for jackpotId 46","timestamp":"2025-07-18T04:25:01.518Z"}
{"level":"info","message":"? Saved 12 jackpot updates","timestamp":"2025-07-18T04:25:01.711Z"}
{"level":"info","message":"Processing InformationBroadcast...","timestamp":"2025-07-18T04:25:31.468Z"}
{"level":"info","message":"Bypassing duplicate check for jackpotId 4","timestamp":"2025-07-18T04:25:31.512Z"}
{"level":"info","message":"Bypassing duplicate check for jackpotId 45","timestamp":"2025-07-18T04:25:31.512Z"}
{"level":"info","message":"Bypassing duplicate check for jackpotId 43","timestamp":"2025-07-18T04:25:31.512Z"}
{"level":"info","message":"Bypassing duplicate check for jackpotId 41","timestamp":"2025-07-18T04:25:31.512Z"}
{"level":"info","message":"Bypassing duplicate check for jackpotId 40","timestamp":"2025-07-18T04:25:31.512Z"}
{"level":"info","message":"Bypassing duplicate check for jackpotId 46","timestamp":"2025-07-18T04:25:31.512Z"}
{"level":"info","message":"? Saved 12 jackpot updates","timestamp":"2025-07-18T04:25:31.671Z"}
{"level":"info","message":"Processing InformationBroadcast...","timestamp":"2025-07-18T04:26:01.465Z"}
{"level":"info","message":"Bypassing duplicate check for jackpotId 4","timestamp":"2025-07-18T04:26:01.563Z"}
{"level":"info","message":"Bypassing duplicate check for jackpotId 45","timestamp":"2025-07-18T04:26:01.563Z"}
{"level":"info","message":"Bypassing duplicate check for jackpotId 43","timestamp":"2025-07-18T04:26:01.563Z"}
{"level":"info","message":"Bypassing duplicate check for jackpotId 41","timestamp":"2025-07-18T04:26:01.563Z"}
{"level":"info","message":"Bypassing duplicate check for jackpotId 40","timestamp":"2025-07-18T04:26:01.563Z"}
{"level":"info","message":"Bypassing duplicate check for jackpotId 46","timestamp":"2025-07-18T04:26:01.563Z"}
{"level":"info","message":"? Saved 12 jackpot updates","timestamp":"2025-07-18T04:26:01.777Z"}
{"level":"info","message":"Processing InformationBroadcast...","timestamp":"2025-07-18T04:26:31.881Z"}
{"level":"info","message":"Duplicate jackpot update found: ID=0, Name=Frequent, Value=382.77378208","timestamp":"2025-07-18T04:26:31.963Z"}
{"level":"info","message":"Duplicate jackpot update found: ID=1, Name=Daily, Value=5192.0539745","timestamp":"2025-07-18T04:26:31.963Z"}
{"level":"info","message":"Duplicate jackpot update found: ID=2, Name=Dozen, Value=26475.98277378","timestamp":"2025-07-18T04:26:31.963Z"}
{"level":"info","message":"Duplicate jackpot update found: ID=3, Name=Weekly, Value=53894.71614952","timestamp":"2025-07-18T04:26:31.963Z"}
{"level":"info","message":"Bypassing duplicate check for jackpotId 4","timestamp":"2025-07-18T04:26:31.963Z"}
{"level":"info","message":"Bypassing duplicate check for jackpotId 45","timestamp":"2025-07-18T04:26:31.963Z"}
{"level":"info","message":"Duplicate jackpot update found: ID=34, Name=Daily Golden, Value=10450.50121282","timestamp":"2025-07-18T04:26:31.963Z"}
{"level":"info","message":"Duplicate jackpot update found: ID=35, Name=Triple, Value=32339.36210655","timestamp":"2025-07-18T04:26:31.963Z"}
{"level":"info","message":"Bypassing duplicate check for jackpotId 43","timestamp":"2025-07-18T04:26:31.963Z"}
{"level":"info","message":"Bypassing duplicate check for jackpotId 41","timestamp":"2025-07-18T04:26:31.963Z"}
{"level":"info","message":"Bypassing duplicate check for jackpotId 40","timestamp":"2025-07-18T04:26:31.963Z"}
{"level":"info","message":"Bypassing duplicate check for jackpotId 46","timestamp":"2025-07-18T04:26:31.963Z"}
{"level":"info","message":"? Saved 12 jackpot updates","timestamp":"2025-07-18T04:26:32.156Z"}
{"level":"info","message":"Processing InformationBroadcast...","timestamp":"2025-07-18T04:27:01.518Z"}
{"level":"info","message":"Bypassing duplicate check for jackpotId 4","timestamp":"2025-07-18T04:27:01.564Z"}
{"level":"info","message":"Bypassing duplicate check for jackpotId 45","timestamp":"2025-07-18T04:27:01.564Z"}
{"level":"info","message":"Bypassing duplicate check for jackpotId 43","timestamp":"2025-07-18T04:27:01.564Z"}
{"level":"info","message":"Bypassing duplicate check for jackpotId 41","timestamp":"2025-07-18T04:27:01.564Z"}
{"level":"info","message":"Bypassing duplicate check for jackpotId 40","timestamp":"2025-07-18T04:27:01.564Z"}
{"level":"info","message":"Bypassing duplicate check for jackpotId 46","timestamp":"2025-07-18T04:27:01.564Z"}
{"level":"info","message":"? Saved 12 jackpot updates","timestamp":"2025-07-18T04:27:01.825Z"}
{"level":"info","message":"Processing InformationBroadcast...","timestamp":"2025-07-18T04:27:31.541Z"}
{"level":"info","message":"Bypassing duplicate check for jackpotId 4","timestamp":"2025-07-18T04:27:31.600Z"}
{"level":"info","message":"Bypassing duplicate check for jackpotId 45","timestamp":"2025-07-18T04:27:31.600Z"}
{"level":"info","message":"Bypassing duplicate check for jackpotId 43","timestamp":"2025-07-18T04:27:31.600Z"}
{"level":"info","message":"Bypassing duplicate check for jackpotId 41","timestamp":"2025-07-18T04:27:31.600Z"}
{"level":"info","message":"Bypassing duplicate check for jackpotId 40","timestamp":"2025-07-18T04:27:31.600Z"}
{"level":"info","message":"Bypassing duplicate check for jackpotId 46","timestamp":"2025-07-18T04:27:31.600Z"}
{"level":"info","message":"? Saved 12 jackpot updates","timestamp":"2025-07-18T04:27:31.842Z"}
{"level":"info","message":"Processing InformationBroadcast...","timestamp":"2025-07-18T04:28:01.547Z"}
{"level":"info","message":"Bypassing duplicate check for jackpotId 4","timestamp":"2025-07-18T04:28:01.601Z"}
{"level":"info","message":"Bypassing duplicate check for jackpotId 45","timestamp":"2025-07-18T04:28:01.601Z"}
{"level":"info","message":"Bypassing duplicate check for jackpotId 43","timestamp":"2025-07-18T04:28:01.601Z"}
{"level":"info","message":"Bypassing duplicate check for jackpotId 41","timestamp":"2025-07-18T04:28:01.601Z"}
{"level":"info","message":"Bypassing duplicate check for jackpotId 40","timestamp":"2025-07-18T04:28:01.601Z"}
{"level":"info","message":"Bypassing duplicate check for jackpotId 46","timestamp":"2025-07-18T04:28:01.601Z"}
{"level":"info","message":"? Saved 12 jackpot updates","timestamp":"2025-07-18T04:28:01.844Z"}
{"level":"info","message":"Processing InformationBroadcast...","timestamp":"2025-07-18T04:28:31.565Z"}
{"level":"info","message":"Bypassing duplicate check for jackpotId 4","timestamp":"2025-07-18T04:28:31.613Z"}
{"level":"info","message":"Bypassing duplicate check for jackpotId 45","timestamp":"2025-07-18T04:28:31.613Z"}
{"level":"info","message":"Bypassing duplicate check for jackpotId 43","timestamp":"2025-07-18T04:28:31.613Z"}
{"level":"info","message":"Bypassing duplicate check for jackpotId 41","timestamp":"2025-07-18T04:28:31.613Z"}
{"level":"info","message":"Bypassing duplicate check for jackpotId 40","timestamp":"2025-07-18T04:28:31.613Z"}
{"level":"info","message":"Bypassing duplicate check for jackpotId 46","timestamp":"2025-07-18T04:28:31.613Z"}
{"level":"info","message":"? Saved 12 jackpot updates","timestamp":"2025-07-18T04:28:31.782Z"}
{"level":"info","message":"Processing InformationBroadcast...","timestamp":"2025-07-18T04:29:01.631Z"}
{"level":"info","message":"Bypassing duplicate check for jackpotId 4","timestamp":"2025-07-18T04:29:01.677Z"}
{"level":"info","message":"Bypassing duplicate check for jackpotId 45","timestamp":"2025-07-18T04:29:01.677Z"}
{"level":"info","message":"Bypassing duplicate check for jackpotId 43","timestamp":"2025-07-18T04:29:01.677Z"}
{"level":"info","message":"Bypassing duplicate check for jackpotId 41","timestamp":"2025-07-18T04:29:01.677Z"}
{"level":"info","message":"Bypassing duplicate check for jackpotId 40","timestamp":"2025-07-18T04:29:01.677Z"}
{"level":"info","message":"Bypassing duplicate check for jackpotId 46","timestamp":"2025-07-18T04:29:01.677Z"}
{"level":"info","message":"? Saved 12 jackpot updates","timestamp":"2025-07-18T04:29:01.864Z"}
{"level":"info","message":"Processing InformationBroadcast...","timestamp":"2025-07-18T04:29:31.875Z"}
{"level":"info","message":"Duplicate jackpot update found: ID=0, Name=Frequent, Value=388.69713832","timestamp":"2025-07-18T04:29:31.926Z"}
{"level":"info","message":"Duplicate jackpot update found: ID=1, Name=Daily, Value=5194.88762684","timestamp":"2025-07-18T04:29:31.926Z"}
{"level":"info","message":"Duplicate jackpot update found: ID=2, Name=Dozen, Value=26486.68319378","timestamp":"2025-07-18T04:29:31.926Z"}
{"level":"info","message":"Duplicate jackpot update found: ID=3, Name=Weekly, Value=53898.46482872","timestamp":"2025-07-18T04:29:31.926Z"}
{"level":"info","message":"Bypassing duplicate check for jackpotId 4","timestamp":"2025-07-18T04:29:31.926Z"}
{"level":"info","message":"Bypassing duplicate check for jackpotId 45","timestamp":"2025-07-18T04:29:31.926Z"}
{"level":"info","message":"Duplicate jackpot update found: ID=34, Name=Daily Golden, Value=10453.58695318","timestamp":"2025-07-18T04:29:31.926Z"}
{"level":"info","message":"Duplicate jackpot update found: ID=35, Name=Triple, Value=32342.89644435","timestamp":"2025-07-18T04:29:31.926Z"}
{"level":"info","message":"Bypassing duplicate check for jackpotId 43","timestamp":"2025-07-18T04:29:31.926Z"}
{"level":"info","message":"Bypassing duplicate check for jackpotId 41","timestamp":"2025-07-18T04:29:31.926Z"}
{"level":"info","message":"Bypassing duplicate check for jackpotId 40","timestamp":"2025-07-18T04:29:31.926Z"}
{"level":"info","message":"Bypassing duplicate check for jackpotId 46","timestamp":"2025-07-18T04:29:31.926Z"}
{"level":"info","message":"? Saved 12 jackpot updates","timestamp":"2025-07-18T04:29:32.076Z"}
{"level":"info","message":"Processing InformationBroadcast...","timestamp":"2025-07-18T04:30:01.636Z"}
{"level":"info","message":"Bypassing duplicate check for jackpotId 4","timestamp":"2025-07-18T04:30:01.686Z"}
{"level":"info","message":"Bypassing duplicate check for jackpotId 45","timestamp":"2025-07-18T04:30:01.687Z"}
{"level":"info","message":"Bypassing duplicate check for jackpotId 43","timestamp":"2025-07-18T04:30:01.687Z"}
{"level":"info","message":"Bypassing duplicate check for jackpotId 41","timestamp":"2025-07-18T04:30:01.688Z"}
{"level":"info","message":"Bypassing duplicate check for jackpotId 40","timestamp":"2025-07-18T04:30:01.688Z"}
{"level":"info","message":"Bypassing duplicate check for jackpotId 46","timestamp":"2025-07-18T04:30:01.688Z"}
{"level":"info","message":"? Saved 12 jackpot updates","timestamp":"2025-07-18T04:30:01.867Z"}
{"level":"info","message":"Processing InformationBroadcast...","timestamp":"2025-07-18T04:30:31.614Z"}
{"level":"info","message":"Bypassing duplicate check for jackpotId 4","timestamp":"2025-07-18T04:30:31.669Z"}
{"level":"info","message":"Bypassing duplicate check for jackpotId 45","timestamp":"2025-07-18T04:30:31.670Z"}
{"level":"info","message":"Bypassing duplicate check for jackpotId 43","timestamp":"2025-07-18T04:30:31.670Z"}
{"level":"info","message":"Bypassing duplicate check for jackpotId 41","timestamp":"2025-07-18T04:30:31.670Z"}
{"level":"info","message":"Bypassing duplicate check for jackpotId 40","timestamp":"2025-07-18T04:30:31.670Z"}
{"level":"info","message":"Bypassing duplicate check for jackpotId 46","timestamp":"2025-07-18T04:30:31.670Z"}
{"level":"info","message":"? Saved 12 jackpot updates","timestamp":"2025-07-18T04:30:31.845Z"}
{"level":"info","message":"Processing InformationBroadcast...","timestamp":"2025-07-18T04:31:01.671Z"}
{"level":"info","message":"Bypassing duplicate check for jackpotId 4","timestamp":"2025-07-18T04:31:01.723Z"}
{"level":"info","message":"Bypassing duplicate check for jackpotId 45","timestamp":"2025-07-18T04:31:01.723Z"}
{"level":"info","message":"Bypassing duplicate check for jackpotId 43","timestamp":"2025-07-18T04:31:01.723Z"}
{"level":"info","message":"Bypassing duplicate check for jackpotId 41","timestamp":"2025-07-18T04:31:01.724Z"}
{"level":"info","message":"Bypassing duplicate check for jackpotId 40","timestamp":"2025-07-18T04:31:01.724Z"}
{"level":"info","message":"Bypassing duplicate check for jackpotId 46","timestamp":"2025-07-18T04:31:01.724Z"}
{"level":"info","message":"? Saved 12 jackpot updates","timestamp":"2025-07-18T04:31:01.912Z"}
{"level":"info","message":"Processing InformationBroadcast...","timestamp":"2025-07-18T04:31:31.641Z"}
{"level":"info","message":"Bypassing duplicate check for jackpotId 4","timestamp":"2025-07-18T04:31:31.710Z"}
{"level":"info","message":"Bypassing duplicate check for jackpotId 45","timestamp":"2025-07-18T04:31:31.710Z"}
{"level":"info","message":"Bypassing duplicate check for jackpotId 43","timestamp":"2025-07-18T04:31:31.710Z"}
{"level":"info","message":"Bypassing duplicate check for jackpotId 41","timestamp":"2025-07-18T04:31:31.710Z"}
{"level":"info","message":"Bypassing duplicate check for jackpotId 40","timestamp":"2025-07-18T04:31:31.710Z"}
{"level":"info","message":"Bypassing duplicate check for jackpotId 46","timestamp":"2025-07-18T04:31:31.711Z"}
{"level":"info","message":"? Saved 12 jackpot updates","timestamp":"2025-07-18T04:31:31.954Z"}
{"level":"info","message":"Processing InformationBroadcast...","timestamp":"2025-07-18T04:32:01.627Z"}
{"level":"info","message":"Bypassing duplicate check for jackpotId 4","timestamp":"2025-07-18T04:32:01.692Z"}
{"level":"info","message":"Bypassing duplicate check for jackpotId 45","timestamp":"2025-07-18T04:32:01.693Z"}
{"level":"info","message":"Bypassing duplicate check for jackpotId 43","timestamp":"2025-07-18T04:32:01.697Z"}
{"level":"info","message":"Bypassing duplicate check for jackpotId 41","timestamp":"2025-07-18T04:32:01.697Z"}
{"level":"info","message":"Bypassing duplicate check for jackpotId 40","timestamp":"2025-07-18T04:32:01.697Z"}
{"level":"info","message":"Bypassing duplicate check for jackpotId 46","timestamp":"2025-07-18T04:32:01.697Z"}
{"level":"info","message":"? Saved 12 jackpot updates","timestamp":"2025-07-18T04:32:01.939Z"}
{"level":"info","message":"Processing InformationBroadcast...","timestamp":"2025-07-18T04:32:31.658Z"}
{"level":"info","message":"Bypassing duplicate check for jackpotId 4","timestamp":"2025-07-18T04:32:31.701Z"}
{"level":"info","message":"Bypassing duplicate check for jackpotId 45","timestamp":"2025-07-18T04:32:31.701Z"}
{"level":"info","message":"Bypassing duplicate check for jackpotId 43","timestamp":"2025-07-18T04:32:31.701Z"}
{"level":"info","message":"Bypassing duplicate check for jackpotId 41","timestamp":"2025-07-18T04:32:31.701Z"}
{"level":"info","message":"Bypassing duplicate check for jackpotId 40","timestamp":"2025-07-18T04:32:31.701Z"}
{"level":"info","message":"Bypassing duplicate check for jackpotId 46","timestamp":"2025-07-18T04:32:31.701Z"}
{"level":"info","message":"? Saved 12 jackpot updates","timestamp":"2025-07-18T04:32:31.891Z"}
{"level":"info","message":"Processing InformationBroadcast...","timestamp":"2025-07-18T04:33:01.632Z"}
{"level":"info","message":"Bypassing duplicate check for jackpotId 4","timestamp":"2025-07-18T04:33:01.686Z"}
{"level":"info","message":"Bypassing duplicate check for jackpotId 45","timestamp":"2025-07-18T04:33:01.687Z"}
{"level":"info","message":"Bypassing duplicate check for jackpotId 43","timestamp":"2025-07-18T04:33:01.687Z"}
{"level":"info","message":"Bypassing duplicate check for jackpotId 41","timestamp":"2025-07-18T04:33:01.687Z"}
{"level":"info","message":"Bypassing duplicate check for jackpotId 40","timestamp":"2025-07-18T04:33:01.687Z"}
{"level":"info","message":"Bypassing duplicate check for jackpotId 46","timestamp":"2025-07-18T04:33:01.687Z"}
{"level":"info","message":"? Saved 12 jackpot updates","timestamp":"2025-07-18T04:33:01.891Z"}
{"level":"info","message":"New Jackpot hit...","timestamp":"2025-07-18T04:33:18.058Z"}
{"level":"info","message":"Duplicate Jackpot hit detected, skipping save: ID=0, Name=Frequent, Amount=401.01, Machine=1022","timestamp":"2025-07-18T04:33:18.187Z"}
{"level":"info","message":"Processing InformationBroadcast...","timestamp":"2025-07-18T04:33:31.667Z"}
{"level":"info","message":"Bypassing duplicate check for jackpotId 4","timestamp":"2025-07-18T04:33:31.724Z"}
{"level":"info","message":"Bypassing duplicate check for jackpotId 45","timestamp":"2025-07-18T04:33:31.725Z"}
{"level":"info","message":"Bypassing duplicate check for jackpotId 43","timestamp":"2025-07-18T04:33:31.725Z"}
{"level":"info","message":"Bypassing duplicate check for jackpotId 41","timestamp":"2025-07-18T04:33:31.725Z"}
{"level":"info","message":"Bypassing duplicate check for jackpotId 40","timestamp":"2025-07-18T04:33:31.725Z"}
{"level":"info","message":"Bypassing duplicate check for jackpotId 46","timestamp":"2025-07-18T04:33:31.725Z"}
{"level":"info","message":"? Saved 12 jackpot updates","timestamp":"2025-07-18T04:33:31.922Z"}
{"level":"info","message":"Processing InformationBroadcast...","timestamp":"2025-07-18T04:34:02.032Z"}
{"level":"info","message":"Duplicate jackpot update found: ID=0, Name=Frequent, Value=302.70054392","timestamp":"2025-07-18T04:34:02.083Z"}
{"level":"info","message":"Duplicate jackpot update found: ID=1, Name=Daily, Value=5202.12247628","timestamp":"2025-07-18T04:34:02.085Z"}
{"level":"info","message":"Duplicate jackpot update found: ID=2, Name=Dozen, Value=26514.89659778","timestamp":"2025-07-18T04:34:02.086Z"}
{"level":"info","message":"Duplicate jackpot update found: ID=3, Name=Weekly, Value=53908.21808552","timestamp":"2025-07-18T04:34:02.086Z"}
{"level":"info","message":"Bypassing duplicate check for jackpotId 4","timestamp":"2025-07-18T04:34:02.086Z"}
{"level":"info","message":"Bypassing duplicate check for jackpotId 45","timestamp":"2025-07-18T04:34:02.086Z"}
{"level":"info","message":"Duplicate jackpot update found: ID=34, Name=Daily Golden, Value=10460.95678864","timestamp":"2025-07-18T04:34:02.086Z"}
{"level":"info","message":"Duplicate jackpot update found: ID=35, Name=Triple, Value=32351.56068315","timestamp":"2025-07-18T04:34:02.086Z"}
{"level":"info","message":"Bypassing duplicate check for jackpotId 43","timestamp":"2025-07-18T04:34:02.086Z"}
{"level":"info","message":"Bypassing duplicate check for jackpotId 41","timestamp":"2025-07-18T04:34:02.086Z"}
{"level":"info","message":"Bypassing duplicate check for jackpotId 40","timestamp":"2025-07-18T04:34:02.086Z"}
{"level":"info","message":"Bypassing duplicate check for jackpotId 46","timestamp":"2025-07-18T04:34:02.086Z"}
{"level":"info","message":"? Saved 12 jackpot updates","timestamp":"2025-07-18T04:34:02.260Z"}
{"level":"info","message":"Processing InformationBroadcast...","timestamp":"2025-07-18T04:34:31.672Z"}
{"level":"info","message":"Bypassing duplicate check for jackpotId 4","timestamp":"2025-07-18T04:34:31.777Z"}
{"level":"info","message":"Bypassing duplicate check for jackpotId 45","timestamp":"2025-07-18T04:34:31.778Z"}
{"level":"info","message":"Bypassing duplicate check for jackpotId 43","timestamp":"2025-07-18T04:34:31.778Z"}
{"level":"info","message":"Bypassing duplicate check for jackpotId 41","timestamp":"2025-07-18T04:34:31.778Z"}
{"level":"info","message":"Bypassing duplicate check for jackpotId 40","timestamp":"2025-07-18T04:34:31.778Z"}
{"level":"info","message":"Bypassing duplicate check for jackpotId 46","timestamp":"2025-07-18T04:34:31.778Z"}
{"level":"info","message":"? Saved 12 jackpot updates","timestamp":"2025-07-18T04:34:32.017Z"}
{"level":"info","message":"Processing InformationBroadcast...","timestamp":"2025-07-18T04:35:01.729Z"}
{"level":"info","message":"Bypassing duplicate check for jackpotId 4","timestamp":"2025-07-18T04:35:01.785Z"}
{"level":"info","message":"Bypassing duplicate check for jackpotId 45","timestamp":"2025-07-18T04:35:01.786Z"}
{"level":"info","message":"Bypassing duplicate check for jackpotId 43","timestamp":"2025-07-18T04:35:01.786Z"}
{"level":"info","message":"Bypassing duplicate check for jackpotId 41","timestamp":"2025-07-18T04:35:01.786Z"}
{"level":"info","message":"Bypassing duplicate check for jackpotId 40","timestamp":"2025-07-18T04:35:01.786Z"}
{"level":"info","message":"Bypassing duplicate check for jackpotId 46","timestamp":"2025-07-18T04:35:01.786Z"}
{"level":"info","message":"? Saved 12 jackpot updates","timestamp":"2025-07-18T04:35:02.000Z"}
{"level":"info","message":"Processing InformationBroadcast...","timestamp":"2025-07-18T04:35:31.702Z"}
{"level":"info","message":"Bypassing duplicate check for jackpotId 4","timestamp":"2025-07-18T04:35:31.839Z"}
{"level":"info","message":"Bypassing duplicate check for jackpotId 45","timestamp":"2025-07-18T04:35:31.840Z"}
{"level":"info","message":"Bypassing duplicate check for jackpotId 43","timestamp":"2025-07-18T04:35:31.840Z"}
{"level":"info","message":"Bypassing duplicate check for jackpotId 41","timestamp":"2025-07-18T04:35:31.840Z"}
{"level":"info","message":"Bypassing duplicate check for jackpotId 40","timestamp":"2025-07-18T04:35:31.840Z"}
{"level":"info","message":"Bypassing duplicate check for jackpotId 46","timestamp":"2025-07-18T04:35:31.840Z"}
{"level":"info","message":"? Saved 12 jackpot updates","timestamp":"2025-07-18T04:35:32.132Z"}
{"level":"info","message":"Processing InformationBroadcast...","timestamp":"2025-07-18T04:36:01.742Z"}
{"level":"info","message":"Bypassing duplicate check for jackpotId 4","timestamp":"2025-07-18T04:36:01.787Z"}
{"level":"info","message":"Bypassing duplicate check for jackpotId 45","timestamp":"2025-07-18T04:36:01.788Z"}
{"level":"info","message":"Bypassing duplicate check for jackpotId 43","timestamp":"2025-07-18T04:36:01.788Z"}
{"level":"info","message":"Bypassing duplicate check for jackpotId 41","timestamp":"2025-07-18T04:36:01.788Z"}
{"level":"info","message":"Bypassing duplicate check for jackpotId 40","timestamp":"2025-07-18T04:36:01.788Z"}
{"level":"info","message":"Bypassing duplicate check for jackpotId 46","timestamp":"2025-07-18T04:36:01.788Z"}
{"level":"info","message":"? Saved 12 jackpot updates","timestamp":"2025-07-18T04:36:01.986Z"}
{"level":"info","message":"Processing InformationBroadcast...","timestamp":"2025-07-18T04:36:31.781Z"}
{"level":"info","message":"Bypassing duplicate check for jackpotId 4","timestamp":"2025-07-18T04:36:31.838Z"}
{"level":"info","message":"Bypassing duplicate check for jackpotId 45","timestamp":"2025-07-18T04:36:31.839Z"}
{"level":"info","message":"Bypassing duplicate check for jackpotId 43","timestamp":"2025-07-18T04:36:31.839Z"}
{"level":"info","message":"Bypassing duplicate check for jackpotId 41","timestamp":"2025-07-18T04:36:31.839Z"}
{"level":"info","message":"Bypassing duplicate check for jackpotId 40","timestamp":"2025-07-18T04:36:31.839Z"}
{"level":"info","message":"Bypassing duplicate check for jackpotId 46","timestamp":"2025-07-18T04:36:31.839Z"}
{"level":"info","message":"? Saved 12 jackpot updates","timestamp":"2025-07-18T04:36:32.020Z"}
{"level":"info","message":"Processing InformationBroadcast...","timestamp":"2025-07-18T04:37:01.748Z"}
{"level":"info","message":"Bypassing duplicate check for jackpotId 4","timestamp":"2025-07-18T04:37:01.815Z"}
{"level":"info","message":"Bypassing duplicate check for jackpotId 45","timestamp":"2025-07-18T04:37:01.815Z"}
{"level":"info","message":"Bypassing duplicate check for jackpotId 43","timestamp":"2025-07-18T04:37:01.815Z"}
{"level":"info","message":"Bypassing duplicate check for jackpotId 41","timestamp":"2025-07-18T04:37:01.815Z"}
{"level":"info","message":"Bypassing duplicate check for jackpotId 40","timestamp":"2025-07-18T04:37:01.816Z"}
{"level":"info","message":"Bypassing duplicate check for jackpotId 46","timestamp":"2025-07-18T04:37:01.816Z"}
{"level":"info","message":"? Saved 12 jackpot updates","timestamp":"2025-07-18T04:37:02.054Z"}
{"level":"info","message":"Processing InformationBroadcast...","timestamp":"2025-07-18T04:37:31.753Z"}
{"level":"info","message":"Bypassing duplicate check for jackpotId 4","timestamp":"2025-07-18T04:37:31.824Z"}
{"level":"info","message":"Bypassing duplicate check for jackpotId 45","timestamp":"2025-07-18T04:37:31.824Z"}
{"level":"info","message":"Bypassing duplicate check for jackpotId 43","timestamp":"2025-07-18T04:37:31.824Z"}
{"level":"info","message":"Bypassing duplicate check for jackpotId 41","timestamp":"2025-07-18T04:37:31.824Z"}
{"level":"info","message":"Bypassing duplicate check for jackpotId 40","timestamp":"2025-07-18T04:37:31.824Z"}
{"level":"info","message":"Bypassing duplicate check for jackpotId 46","timestamp":"2025-07-18T04:37:31.824Z"}
{"level":"info","message":"? Saved 12 jackpot updates","timestamp":"2025-07-18T04:37:32.004Z"}
{"level":"info","message":"Processing InformationBroadcast...","timestamp":"2025-07-18T04:38:01.815Z"}
{"level":"info","message":"Bypassing duplicate check for jackpotId 4","timestamp":"2025-07-18T04:38:01.879Z"}
{"level":"info","message":"Bypassing duplicate check for jackpotId 45","timestamp":"2025-07-18T04:38:01.879Z"}
{"level":"info","message":"Bypassing duplicate check for jackpotId 43","timestamp":"2025-07-18T04:38:01.879Z"}
{"level":"info","message":"Bypassing duplicate check for jackpotId 41","timestamp":"2025-07-18T04:38:01.879Z"}
{"level":"info","message":"Bypassing duplicate check for jackpotId 40","timestamp":"2025-07-18T04:38:01.879Z"}
{"level":"info","message":"Bypassing duplicate check for jackpotId 46","timestamp":"2025-07-18T04:38:01.880Z"}
{"level":"info","message":"? Saved 12 jackpot updates","timestamp":"2025-07-18T04:38:02.372Z"}
{"level":"info","message":"Processing InformationBroadcast...","timestamp":"2025-07-18T04:38:31.865Z"}
{"level":"info","message":"Bypassing duplicate check for jackpotId 4","timestamp":"2025-07-18T04:38:31.927Z"}
{"level":"info","message":"Bypassing duplicate check for jackpotId 45","timestamp":"2025-07-18T04:38:31.927Z"}
{"level":"info","message":"Bypassing duplicate check for jackpotId 43","timestamp":"2025-07-18T04:38:31.927Z"}
{"level":"info","message":"Bypassing duplicate check for jackpotId 41","timestamp":"2025-07-18T04:38:31.927Z"}
{"level":"info","message":"Bypassing duplicate check for jackpotId 40","timestamp":"2025-07-18T04:38:31.928Z"}
{"level":"info","message":"Bypassing duplicate check for jackpotId 46","timestamp":"2025-07-18T04:38:31.928Z"}
{"level":"info","message":"? Saved 12 jackpot updates","timestamp":"2025-07-18T04:38:32.142Z"}
{"level":"info","message":"Processing InformationBroadcast...","timestamp":"2025-07-18T04:39:01.860Z"}
{"level":"info","message":"Bypassing duplicate check for jackpotId 4","timestamp":"2025-07-18T04:39:01.952Z"}
{"level":"info","message":"Bypassing duplicate check for jackpotId 45","timestamp":"2025-07-18T04:39:01.952Z"}
{"level":"info","message":"Bypassing duplicate check for jackpotId 43","timestamp":"2025-07-18T04:39:01.952Z"}
{"level":"info","message":"Bypassing duplicate check for jackpotId 41","timestamp":"2025-07-18T04:39:01.952Z"}
{"level":"info","message":"Bypassing duplicate check for jackpotId 40","timestamp":"2025-07-18T04:39:01.952Z"}
{"level":"info","message":"Bypassing duplicate check for jackpotId 46","timestamp":"2025-07-18T04:39:01.953Z"}
{"level":"info","message":"? Saved 12 jackpot updates","timestamp":"2025-07-18T04:39:02.185Z"}
{"level":"info","message":"Processing InformationBroadcast...","timestamp":"2025-07-18T04:39:31.880Z"}
{"level":"info","message":"Bypassing duplicate check for jackpotId 4","timestamp":"2025-07-18T04:39:31.926Z"}
{"level":"info","message":"Bypassing duplicate check for jackpotId 45","timestamp":"2025-07-18T04:39:31.926Z"}
{"level":"info","message":"Bypassing duplicate check for jackpotId 43","timestamp":"2025-07-18T04:39:31.926Z"}
{"level":"info","message":"Bypassing duplicate check for jackpotId 41","timestamp":"2025-07-18T04:39:31.926Z"}
{"level":"info","message":"Bypassing duplicate check for jackpotId 40","timestamp":"2025-07-18T04:39:31.926Z"}
{"level":"info","message":"Bypassing duplicate check for jackpotId 46","timestamp":"2025-07-18T04:39:31.926Z"}
{"level":"info","message":"? Saved 12 jackpot updates","timestamp":"2025-07-18T04:39:32.095Z"}
{"level":"info","message":"Processing InformationBroadcast...","timestamp":"2025-07-18T04:40:01.890Z"}
{"level":"info","message":"Bypassing duplicate check for jackpotId 4","timestamp":"2025-07-18T04:40:01.944Z"}
{"level":"info","message":"Bypassing duplicate check for jackpotId 45","timestamp":"2025-07-18T04:40:01.944Z"}
{"level":"info","message":"Bypassing duplicate check for jackpotId 43","timestamp":"2025-07-18T04:40:01.944Z"}
{"level":"info","message":"Bypassing duplicate check for jackpotId 41","timestamp":"2025-07-18T04:40:01.944Z"}
{"level":"info","message":"Bypassing duplicate check for jackpotId 40","timestamp":"2025-07-18T04:40:01.944Z"}
{"level":"info","message":"Bypassing duplicate check for jackpotId 46","timestamp":"2025-07-18T04:40:01.944Z"}
{"level":"info","message":"? Saved 12 jackpot updates","timestamp":"2025-07-18T04:40:02.110Z"}
{"level":"info","message":"Processing InformationBroadcast...","timestamp":"2025-07-18T04:40:31.892Z"}
{"level":"info","message":"Bypassing duplicate check for jackpotId 4","timestamp":"2025-07-18T04:40:31.954Z"}
{"level":"info","message":"Bypassing duplicate check for jackpotId 45","timestamp":"2025-07-18T04:40:31.954Z"}
{"level":"info","message":"Bypassing duplicate check for jackpotId 43","timestamp":"2025-07-18T04:40:31.954Z"}
{"level":"info","message":"Bypassing duplicate check for jackpotId 41","timestamp":"2025-07-18T04:40:31.954Z"}
{"level":"info","message":"Bypassing duplicate check for jackpotId 40","timestamp":"2025-07-18T04:40:31.954Z"}
{"level":"info","message":"Bypassing duplicate check for jackpotId 46","timestamp":"2025-07-18T04:40:31.954Z"}
{"level":"info","message":"? Saved 12 jackpot updates","timestamp":"2025-07-18T04:40:32.140Z"}
{"level":"info","message":"Processing InformationBroadcast...","timestamp":"2025-07-18T04:41:01.933Z"}
{"level":"info","message":"Bypassing duplicate check for jackpotId 4","timestamp":"2025-07-18T04:41:02.004Z"}
{"level":"info","message":"Bypassing duplicate check for jackpotId 45","timestamp":"2025-07-18T04:41:02.004Z"}
{"level":"info","message":"Bypassing duplicate check for jackpotId 43","timestamp":"2025-07-18T04:41:02.005Z"}
{"level":"info","message":"Bypassing duplicate check for jackpotId 41","timestamp":"2025-07-18T04:41:02.005Z"}
{"level":"info","message":"Bypassing duplicate check for jackpotId 40","timestamp":"2025-07-18T04:41:02.005Z"}
{"level":"info","message":"Bypassing duplicate check for jackpotId 46","timestamp":"2025-07-18T04:41:02.005Z"}
{"level":"info","message":"? Saved 12 jackpot updates","timestamp":"2025-07-18T04:41:02.221Z"}
{"level":"info","message":"Processing InformationBroadcast...","timestamp":"2025-07-18T04:41:31.925Z"}
{"level":"info","message":"Bypassing duplicate check for jackpotId 4","timestamp":"2025-07-18T04:41:31.976Z"}
{"level":"info","message":"Bypassing duplicate check for jackpotId 45","timestamp":"2025-07-18T04:41:31.976Z"}
{"level":"info","message":"Bypassing duplicate check for jackpotId 43","timestamp":"2025-07-18T04:41:31.976Z"}
{"level":"info","message":"Bypassing duplicate check for jackpotId 41","timestamp":"2025-07-18T04:41:31.976Z"}
{"level":"info","message":"Bypassing duplicate check for jackpotId 40","timestamp":"2025-07-18T04:41:31.976Z"}
{"level":"info","message":"Bypassing duplicate check for jackpotId 46","timestamp":"2025-07-18T04:41:31.976Z"}
{"level":"info","message":"? Saved 12 jackpot updates","timestamp":"2025-07-18T04:41:32.190Z"}
{"level":"info","message":"Processing InformationBroadcast...","timestamp":"2025-07-18T04:42:01.925Z"}
{"level":"info","message":"Bypassing duplicate check for jackpotId 4","timestamp":"2025-07-18T04:42:01.987Z"}
{"level":"info","message":"Bypassing duplicate check for jackpotId 45","timestamp":"2025-07-18T04:42:01.987Z"}
{"level":"info","message":"Bypassing duplicate check for jackpotId 43","timestamp":"2025-07-18T04:42:01.987Z"}
{"level":"info","message":"Bypassing duplicate check for jackpotId 41","timestamp":"2025-07-18T04:42:01.987Z"}
{"level":"info","message":"Bypassing duplicate check for jackpotId 40","timestamp":"2025-07-18T04:42:01.987Z"}
{"level":"info","message":"Bypassing duplicate check for jackpotId 46","timestamp":"2025-07-18T04:42:01.987Z"}
{"level":"info","message":"? Saved 12 jackpot updates","timestamp":"2025-07-18T04:42:02.155Z"}
{"level":"info","message":"Processing InformationBroadcast...","timestamp":"2025-07-18T04:42:31.938Z"}
{"level":"info","message":"Bypassing duplicate check for jackpotId 4","timestamp":"2025-07-18T04:42:32.004Z"}
{"level":"info","message":"Bypassing duplicate check for jackpotId 45","timestamp":"2025-07-18T04:42:32.004Z"}
{"level":"info","message":"Bypassing duplicate check for jackpotId 43","timestamp":"2025-07-18T04:42:32.004Z"}
{"level":"info","message":"Bypassing duplicate check for jackpotId 41","timestamp":"2025-07-18T04:42:32.004Z"}
{"level":"info","message":"Bypassing duplicate check for jackpotId 40","timestamp":"2025-07-18T04:42:32.004Z"}
{"level":"info","message":"Bypassing duplicate check for jackpotId 46","timestamp":"2025-07-18T04:42:32.004Z"}
{"level":"info","message":"? Saved 12 jackpot updates","timestamp":"2025-07-18T04:42:32.401Z"}
{"level":"info","message":"Processing InformationBroadcast...","timestamp":"2025-07-18T04:43:01.943Z"}
{"level":"info","message":"Bypassing duplicate check for jackpotId 4","timestamp":"2025-07-18T04:43:02.002Z"}
{"level":"info","message":"Bypassing duplicate check for jackpotId 45","timestamp":"2025-07-18T04:43:02.004Z"}
{"level":"info","message":"Bypassing duplicate check for jackpotId 43","timestamp":"2025-07-18T04:43:02.005Z"}
{"level":"info","message":"Bypassing duplicate check for jackpotId 41","timestamp":"2025-07-18T04:43:02.005Z"}
{"level":"info","message":"Bypassing duplicate check for jackpotId 40","timestamp":"2025-07-18T04:43:02.005Z"}
{"level":"info","message":"Bypassing duplicate check for jackpotId 46","timestamp":"2025-07-18T04:43:02.005Z"}
{"level":"info","message":"? Saved 12 jackpot updates","timestamp":"2025-07-18T04:43:02.215Z"}
{"level":"info","message":"Processing InformationBroadcast...","timestamp":"2025-07-18T04:43:32.050Z"}
{"level":"info","message":"Duplicate jackpot update found: ID=0, Name=Frequent, Value=327.2445308","timestamp":"2025-07-18T04:43:32.108Z"}
{"level":"info","message":"Duplicate jackpot update found: ID=1, Name=Daily, Value=5219.34057068","timestamp":"2025-07-18T04:43:32.108Z"}
{"level":"info","message":"Duplicate jackpot update found: ID=2, Name=Dozen, Value=26581.33463498","timestamp":"2025-07-18T04:43:32.108Z"}
{"level":"info","message":"Duplicate jackpot update found: ID=3, Name=Weekly, Value=53931.47303472","timestamp":"2025-07-18T04:43:32.108Z"}
{"level":"info","message":"Bypassing duplicate check for jackpotId 4","timestamp":"2025-07-18T04:43:32.109Z"}
{"level":"info","message":"Bypassing duplicate check for jackpotId 45","timestamp":"2025-07-18T04:43:32.109Z"}
{"level":"info","message":"Duplicate jackpot update found: ID=34, Name=Daily Golden, Value=10478.36094334","timestamp":"2025-07-18T04:43:32.109Z"}
{"level":"info","message":"Duplicate jackpot update found: ID=35, Name=Triple, Value=32371.82482215","timestamp":"2025-07-18T04:43:32.109Z"}
{"level":"info","message":"Bypassing duplicate check for jackpotId 43","timestamp":"2025-07-18T04:43:32.109Z"}
{"level":"info","message":"Bypassing duplicate check for jackpotId 41","timestamp":"2025-07-18T04:43:32.109Z"}
{"level":"info","message":"Bypassing duplicate check for jackpotId 40","timestamp":"2025-07-18T04:43:32.109Z"}
{"level":"info","message":"Bypassing duplicate check for jackpotId 46","timestamp":"2025-07-18T04:43:32.109Z"}
{"level":"info","message":"? Saved 12 jackpot updates","timestamp":"2025-07-18T04:43:32.337Z"}
{"level":"info","message":"Processing InformationBroadcast...","timestamp":"2025-07-18T04:44:01.981Z"}
{"level":"info","message":"Bypassing duplicate check for jackpotId 4","timestamp":"2025-07-18T04:44:02.031Z"}
{"level":"info","message":"Bypassing duplicate check for jackpotId 45","timestamp":"2025-07-18T04:44:02.032Z"}
{"level":"info","message":"Bypassing duplicate check for jackpotId 43","timestamp":"2025-07-18T04:44:02.032Z"}
{"level":"info","message":"Bypassing duplicate check for jackpotId 41","timestamp":"2025-07-18T04:44:02.032Z"}
{"level":"info","message":"Bypassing duplicate check for jackpotId 40","timestamp":"2025-07-18T04:44:02.032Z"}
{"level":"info","message":"Bypassing duplicate check for jackpotId 46","timestamp":"2025-07-18T04:44:02.032Z"}
{"level":"info","message":"? Saved 12 jackpot updates","timestamp":"2025-07-18T04:44:02.232Z"}
{"level":"info","message":"Processing InformationBroadcast...","timestamp":"2025-07-18T04:44:31.986Z"}
{"level":"info","message":"Bypassing duplicate check for jackpotId 4","timestamp":"2025-07-18T04:44:32.067Z"}
{"level":"info","message":"Bypassing duplicate check for jackpotId 45","timestamp":"2025-07-18T04:44:32.068Z"}
{"level":"info","message":"Bypassing duplicate check for jackpotId 43","timestamp":"2025-07-18T04:44:32.068Z"}
{"level":"info","message":"Bypassing duplicate check for jackpotId 41","timestamp":"2025-07-18T04:44:32.068Z"}
{"level":"info","message":"Bypassing duplicate check for jackpotId 40","timestamp":"2025-07-18T04:44:32.068Z"}
{"level":"info","message":"Bypassing duplicate check for jackpotId 46","timestamp":"2025-07-18T04:44:32.068Z"}
{"level":"info","message":"? Saved 12 jackpot updates","timestamp":"2025-07-18T04:44:32.308Z"}
{"level":"info","message":"Processing InformationBroadcast...","timestamp":"2025-07-18T04:45:02.064Z"}
{"level":"info","message":"Bypassing duplicate check for jackpotId 4","timestamp":"2025-07-18T04:45:02.131Z"}
{"level":"info","message":"Bypassing duplicate check for jackpotId 45","timestamp":"2025-07-18T04:45:02.131Z"}
{"level":"info","message":"Bypassing duplicate check for jackpotId 43","timestamp":"2025-07-18T04:45:02.131Z"}
{"level":"info","message":"Bypassing duplicate check for jackpotId 41","timestamp":"2025-07-18T04:45:02.131Z"}
{"level":"info","message":"Bypassing duplicate check for jackpotId 40","timestamp":"2025-07-18T04:45:02.131Z"}
{"level":"info","message":"Bypassing duplicate check for jackpotId 46","timestamp":"2025-07-18T04:45:02.132Z"}
{"level":"info","message":"? Saved 12 jackpot updates","timestamp":"2025-07-18T04:45:02.342Z"}
{"level":"info","message":"Processing InformationBroadcast...","timestamp":"2025-07-18T04:45:32.011Z"}
{"level":"info","message":"Bypassing duplicate check for jackpotId 4","timestamp":"2025-07-18T04:45:32.070Z"}
{"level":"info","message":"Bypassing duplicate check for jackpotId 45","timestamp":"2025-07-18T04:45:32.071Z"}
{"level":"info","message":"Bypassing duplicate check for jackpotId 43","timestamp":"2025-07-18T04:45:32.073Z"}
{"level":"info","message":"Bypassing duplicate check for jackpotId 41","timestamp":"2025-07-18T04:45:32.073Z"}
{"level":"info","message":"Bypassing duplicate check for jackpotId 40","timestamp":"2025-07-18T04:45:32.073Z"}
{"level":"info","message":"Bypassing duplicate check for jackpotId 46","timestamp":"2025-07-18T04:45:32.073Z"}
{"level":"info","message":"? Saved 12 jackpot updates","timestamp":"2025-07-18T04:45:32.350Z"}
{"level":"info","message":"Processing InformationBroadcast...","timestamp":"2025-07-18T04:46:02.037Z"}
{"level":"info","message":"Bypassing duplicate check for jackpotId 4","timestamp":"2025-07-18T04:46:02.102Z"}
{"level":"info","message":"Bypassing duplicate check for jackpotId 45","timestamp":"2025-07-18T04:46:02.103Z"}
{"level":"info","message":"Bypassing duplicate check for jackpotId 43","timestamp":"2025-07-18T04:46:02.103Z"}
{"level":"info","message":"Bypassing duplicate check for jackpotId 41","timestamp":"2025-07-18T04:46:02.103Z"}
{"level":"info","message":"Bypassing duplicate check for jackpotId 40","timestamp":"2025-07-18T04:46:02.103Z"}
{"level":"info","message":"Bypassing duplicate check for jackpotId 46","timestamp":"2025-07-18T04:46:02.103Z"}
{"level":"info","message":"? Saved 12 jackpot updates","timestamp":"2025-07-18T04:46:02.366Z"}
{"level":"info","message":"Processing InformationBroadcast...","timestamp":"2025-07-18T04:46:32.063Z"}
{"level":"info","message":"Bypassing duplicate check for jackpotId 4","timestamp":"2025-07-18T04:46:32.132Z"}
{"level":"info","message":"Bypassing duplicate check for jackpotId 45","timestamp":"2025-07-18T04:46:32.133Z"}
{"level":"info","message":"Bypassing duplicate check for jackpotId 43","timestamp":"2025-07-18T04:46:32.133Z"}
{"level":"info","message":"Bypassing duplicate check for jackpotId 41","timestamp":"2025-07-18T04:46:32.133Z"}
{"level":"info","message":"Bypassing duplicate check for jackpotId 40","timestamp":"2025-07-18T04:46:32.134Z"}
{"level":"info","message":"Bypassing duplicate check for jackpotId 46","timestamp":"2025-07-18T04:46:32.134Z"}
{"level":"info","message":"? Saved 12 jackpot updates","timestamp":"2025-07-18T04:46:32.389Z"}
{"level":"info","message":"Processing InformationBroadcast...","timestamp":"2025-07-18T04:47:02.077Z"}
{"level":"info","message":"Bypassing duplicate check for jackpotId 4","timestamp":"2025-07-18T04:47:02.150Z"}
{"level":"info","message":"Bypassing duplicate check for jackpotId 45","timestamp":"2025-07-18T04:47:02.150Z"}
{"level":"info","message":"Bypassing duplicate check for jackpotId 43","timestamp":"2025-07-18T04:47:02.150Z"}
{"level":"info","message":"Bypassing duplicate check for jackpotId 41","timestamp":"2025-07-18T04:47:02.151Z"}
{"level":"info","message":"Bypassing duplicate check for jackpotId 40","timestamp":"2025-07-18T04:47:02.151Z"}
{"level":"info","message":"Bypassing duplicate check for jackpotId 46","timestamp":"2025-07-18T04:47:02.151Z"}
{"level":"info","message":"? Saved 12 jackpot updates","timestamp":"2025-07-18T04:47:02.373Z"}
{"level":"info","message":"Processing InformationBroadcast...","timestamp":"2025-07-18T04:47:32.106Z"}
{"level":"info","message":"Bypassing duplicate check for jackpotId 4","timestamp":"2025-07-18T04:47:32.150Z"}
{"level":"info","message":"Bypassing duplicate check for jackpotId 45","timestamp":"2025-07-18T04:47:32.150Z"}
{"level":"info","message":"Bypassing duplicate check for jackpotId 43","timestamp":"2025-07-18T04:47:32.150Z"}
{"level":"info","message":"Bypassing duplicate check for jackpotId 41","timestamp":"2025-07-18T04:47:32.150Z"}
{"level":"info","message":"Bypassing duplicate check for jackpotId 40","timestamp":"2025-07-18T04:47:32.150Z"}
{"level":"info","message":"Bypassing duplicate check for jackpotId 46","timestamp":"2025-07-18T04:47:32.150Z"}
{"level":"info","message":"? Saved 12 jackpot updates","timestamp":"2025-07-18T04:47:32.326Z"}
